
Symbol table '.symtab' contains 75 entries:
   Num:    Value  Size Type    Bind   Vis      Ndx Name
     0: 00000000     0 NOTYPE  LOCAL  DEFAULT  UND 
     1: 00000000     0 SECTION LOCAL  DEFAULT    1 
     2: 00000000     0 SECTION LOCAL  DEFAULT    2 
     3: 00000000     0 SECTION LOCAL  DEFAULT    3 
     4: 0202bcf0     0 NOTYPE  LOCAL  DEFAULT  ABS ChapterDataStruct
     5: 0202e4d4     0 NOTYPE  LOCAL  DEFAULT  ABS CurrentMapSize
     6: 0202e4d8     0 NOTYPE  LOCAL  DEFAULT  ABS UnitMapRows
     7: 0202e4e0     0 NOTYPE  LOCAL  DEFAULT  ABS MoveCostMapRows
     8: 0202e4e4     0 NOTYPE  LOCAL  DEFAULT  ABS RangeMapRows
     9: 0202e4e8     0 NOTYPE  LOCAL  DEFAULT  ABS FogMapRows
    10: 0203a958     0 NOTYPE  LOCAL  DEFAULT  ABS ActionStruct
    11: 0203dde8     0 NOTYPE  LOCAL  DEFAULT  ABS TargeterXY
    12: 0203ddec     0 NOTYPE  LOCAL  DEFAULT  ABS TargetList
    13: 0203e0ec     0 NOTYPE  LOCAL  DEFAULT  ABS TargetNum
    14: 02033f3c     0 NOTYPE  LOCAL  DEFAULT  ABS SelectedUnit
    15: 03004e50     0 NOTYPE  LOCAL  DEFAULT  ABS ActiveUnit
    16: 08016aec     0 NOTYPE  LOCAL  DEFAULT  ABS DecrementItemUses
    17: 08016b28     0 NOTYPE  LOCAL  DEFAULT  ABS Unit_GetEquippedWeapon
    18: 08017984     0 NOTYPE  LOCAL  DEFAULT  ABS Unit_ReorderItems
    19: 080179d8     0 NOTYPE  LOCAL  DEFAULT  ABS Unit_ItemCount
    20: 08019430     0 NOTYPE  LOCAL  DEFAULT  ABS GetUnit
    21: 08019150     0 NOTYPE  LOCAL  DEFAULT  ABS Unit_CurHP
    22: 08019190     0 NOTYPE  LOCAL  DEFAULT  ABS Unit_MaxHP
    23: 0801949c     0 NOTYPE  LOCAL  DEFAULT  ABS Unit_CanCrossTerrain
    24: 080171e8     0 NOTYPE  LOCAL  DEFAULT  ABS Unit_GetRangeMap
    25: 08028870     0 NOTYPE  LOCAL  DEFAULT  ABS Unit_CanUseItem
    26: 0802ccdc     0 NOTYPE  LOCAL  DEFAULT  ABS StaffHitRate
    27: 080197e4     0 NOTYPE  LOCAL  DEFAULT  ABS FillMap
    28: 0801aabc     0 NOTYPE  LOCAL  DEFAULT  ABS AddRange
    29: 08024eac     0 NOTYPE  LOCAL  DEFAULT  ABS CheckUnitsInRange
    30: 08024f18     0 NOTYPE  LOCAL  DEFAULT  ABS CheckTilesInRange
    31: 08024f70     0 NOTYPE  LOCAL  DEFAULT  ABS CheckAdjacentUnits
    32: 0804f8a4     0 NOTYPE  LOCAL  DEFAULT  ABS RefreshTargetList
    33: 0804f8bc     0 NOTYPE  LOCAL  DEFAULT  ABS AddTargetListEntry
    34: 0804fd28     0 NOTYPE  LOCAL  DEFAULT  ABS GetTargetListSize
    35: 0804fd34     0 NOTYPE  LOCAL  DEFAULT  ABS GetTargetListEntry
    36: 0804fa3c     0 NOTYPE  LOCAL  DEFAULT  ABS NewTargetSelection
    37: 0804faa4     0 NOTYPE  LOCAL  DEFAULT  ABS NewTargetSelectv2
    38: 08002c7c     0 NOTYPE  LOCAL  DEFAULT  ABS New6C
    39: 08002ce0     0 NOTYPE  LOCAL  DEFAULT  ABS New6CBlocking
    40: 08002d6c     0 NOTYPE  LOCAL  DEFAULT  ABS End6C
    41: 08002e94     0 NOTYPE  LOCAL  DEFAULT  ABS Break6CLoop
    42: 08002e9c     0 NOTYPE  LOCAL  DEFAULT  ABS Find6C
    43: 08002f24     0 NOTYPE  LOCAL  DEFAULT  ABS Goto6CLabel
    44: 08002f5c     0 NOTYPE  LOCAL  DEFAULT  ABS Goto6CPointer
    45: 08002f98     0 NOTYPE  LOCAL  DEFAULT  ABS ForEach6C
    46: 08002fec     0 NOTYPE  LOCAL  DEFAULT  ABS BlockEach6CMarked
    47: 08003014     0 NOTYPE  LOCAL  DEFAULT  ABS UnblockEach6CMarked
    48: 08003040     0 NOTYPE  LOCAL  DEFAULT  ABS DeleteEach6CMarked
    49: 08003078     0 NOTYPE  LOCAL  DEFAULT  ABS DeleteEach6C
    50: 08003094     0 NOTYPE  LOCAL  DEFAULT  ABS BreakEach6CLoop
    51: 08015360     0 NOTYPE  LOCAL  DEFAULT  ABS LockGameLogic
    52: 08015370     0 NOTYPE  LOCAL  DEFAULT  ABS UnlockGameLogic
    53: 0800a240     0 NOTYPE  LOCAL  DEFAULT  ABS GetTextBuffer
    54: 08035708     0 NOTYPE  LOCAL  DEFAULT  ABS SetBottomHelpText
    55: 0802e1f0     0 NOTYPE  LOCAL  DEFAULT  ABS FindTrapAt
    56: 0802e24c     0 NOTYPE  LOCAL  DEFAULT  ABS FindTrapTypeAt
    57: 0802e2b8     0 NOTYPE  LOCAL  DEFAULT  ABS CreateTrap
    58: 0802ea58     0 NOTYPE  LOCAL  DEFAULT  ABS CreateLightRune
    59: 08037a04     0 NOTYPE  LOCAL  DEFAULT  ABS CreateBallista
    60: 0803798c     0 NOTYPE  LOCAL  DEFAULT  ABS FindBallistaAt
    61: 080d01fc     0 NOTYPE  LOCAL  DEFAULT  ABS PlaySoundEffect
    62: 0802951c     0 NOTYPE  LOCAL  DEFAULT  ABS ConfirmStaffUse
    63: 00000000     0 NOTYPE  LOCAL  DEFAULT    1 $t
    64: 00000006     0 NOTYPE  LOCAL  DEFAULT    1 $d
    65: 00000008     0 NOTYPE  LOCAL  DEFAULT    1 $t
    66: 00000010     0 NOTYPE  LOCAL  DEFAULT    1 CanHoldMore
    67: 00000012     0 NOTYPE  LOCAL  DEFAULT    1 End
    68: 00000018     0 NOTYPE  LOCAL  DEFAULT    1 $d
    69: 00000000     0 SECTION LOCAL  DEFAULT    6 
    70: 0000000c     0 NOTYPE  LOCAL  DEFAULT    9 $d
    71: 00000000     0 SECTION LOCAL  DEFAULT    8 
    72: 00000000     0 SECTION LOCAL  DEFAULT    4 
    73: 00000000     0 SECTION LOCAL  DEFAULT    9 
    74: 00000000     0 SECTION LOCAL  DEFAULT   11 
