
Symbol table '.symtab' contains 22 entries:
   Num:    Value  Size Type    Bind   Vis      Ndx Name
     0: 00000000     0 NOTYPE  LOCAL  DEFAULT  UND 
     1: 00000000     0 SECTION LOCAL  DEFAULT    1 
     2: 00000000     0 SECTION LOCAL  DEFAULT    2 
     3: 00000000     0 SECTION LOCAL  DEFAULT    3 
     4: 0202e4e4     0 NOTYPE  LOCAL  DEFAULT  ABS RangeMap
     5: 0202e4dc     0 NOTYPE  LOCAL  DEFAULT  ABS TerrainMap
     6: 0202e4d8     0 NOTYPE  LOCAL  DEFAULT  ABS UnitMap
     7: 0802e1f0     0 NOTYPE  LOCAL  DEFAULT  ABS FindTrapAt
     8: 00000060     0 NOTYPE  LOCAL  DEFAULT    1 MovCostTable
     9: 00000060     0 NOTYPE  LOCAL  DEFAULT    1 OffsetList
    10: 00000000     0 NOTYPE  LOCAL  DEFAULT    1 $t
    11: 0000003a     0 NOTYPE  LOCAL  DEFAULT    1 UnSelectable
    12: 0000001e     0 NOTYPE  LOCAL  DEFAULT    1 $d
    13: 00000020     0 NOTYPE  LOCAL  DEFAULT    1 $t
    14: 00000048     0 NOTYPE  LOCAL  DEFAULT    1 End
    15: 00000050     0 NOTYPE  LOCAL  DEFAULT    1 $d
    16: 00000000     0 SECTION LOCAL  DEFAULT    6 
    17: 0000000c     0 NOTYPE  LOCAL  DEFAULT    9 $d
    18: 00000000     0 SECTION LOCAL  DEFAULT    8 
    19: 00000000     0 SECTION LOCAL  DEFAULT    4 
    20: 00000000     0 SECTION LOCAL  DEFAULT    9 
    21: 00000000     0 SECTION LOCAL  DEFAULT   11 
