
Symbol table '.symtab' contains 96 entries:
   Num:    Value  Size Type    Bind   Vis      Ndx Name
     0: 00000000     0 NOTYPE  LOCAL  DEFAULT  UND 
     1: 00000000     0 SECTION LOCAL  DEFAULT    1 
     2: 00000000     0 SECTION LOCAL  DEFAULT    2 
     3: 00000000     0 SECTION LOCAL  DEFAULT    3 
     4: 0202bcf0     0 NOTYPE  LOCAL  DEFAULT  ABS ChapterDataStruct
     5: 0202e4d4     0 NOTYPE  LOCAL  DEFAULT  ABS CurrentMapSize
     6: 0202e4d8     0 NOTYPE  LOCAL  DEFAULT  ABS UnitMapRows
     7: 0202e4e0     0 NOTYPE  LOCAL  DEFAULT  ABS MoveCostMapRows
     8: 0202e4e4     0 NOTYPE  LOCAL  DEFAULT  ABS RangeMapRows
     9: 0202e4e8     0 NOTYPE  LOCAL  DEFAULT  ABS FogMapRows
    10: 0203a958     0 NOTYPE  LOCAL  DEFAULT  ABS ActionStruct
    11: 0203dde8     0 NOTYPE  LOCAL  DEFAULT  ABS TargeterXY
    12: 0203ddec     0 NOTYPE  LOCAL  DEFAULT  ABS TargetList
    13: 0203e0ec     0 NOTYPE  LOCAL  DEFAULT  ABS TargetNum
    14: 02033f3c     0 NOTYPE  LOCAL  DEFAULT  ABS SelectedUnit
    15: 03004e50     0 NOTYPE  LOCAL  DEFAULT  ABS ActiveUnit
    16: 08016aec     0 NOTYPE  LOCAL  DEFAULT  ABS DecrementItemUses
    17: 08016b28     0 NOTYPE  LOCAL  DEFAULT  ABS Unit_GetEquippedWeapon
    18: 08017984     0 NOTYPE  LOCAL  DEFAULT  ABS Unit_ReorderItems
    19: 080179d8     0 NOTYPE  LOCAL  DEFAULT  ABS Unit_ItemCount
    20: 08019430     0 NOTYPE  LOCAL  DEFAULT  ABS GetUnit
    21: 080189b8     0 NOTYPE  LOCAL  DEFAULT  ABS Unit_GetAid
    22: 08018a1c     0 NOTYPE  LOCAL  DEFAULT  ABS Unit_GetHalfMag
    23: 08019150     0 NOTYPE  LOCAL  DEFAULT  ABS Unit_GetCurHP
    24: 08019190     0 NOTYPE  LOCAL  DEFAULT  ABS Unit_GetMaxHP
    25: 080191b0     0 NOTYPE  LOCAL  DEFAULT  ABS Unit_GetStr
    26: 080191b0     0 NOTYPE  LOCAL  DEFAULT  ABS Unit_GetMag
    27: 080191d0     0 NOTYPE  LOCAL  DEFAULT  ABS Unit_GetSkl
    28: 08019210     0 NOTYPE  LOCAL  DEFAULT  ABS Unit_GetSpd
    29: 08019250     0 NOTYPE  LOCAL  DEFAULT  ABS Unit_GetDef
    30: 08019270     0 NOTYPE  LOCAL  DEFAULT  ABS Unit_GetRes
    31: 08019298     0 NOTYPE  LOCAL  DEFAULT  ABS Unit_GetLuck
    32: 0801949c     0 NOTYPE  LOCAL  DEFAULT  ABS Unit_CanCrossTerrain
    33: 080171e8     0 NOTYPE  LOCAL  DEFAULT  ABS Unit_GetRangeMap
    34: 08028870     0 NOTYPE  LOCAL  DEFAULT  ABS Unit_CanUseItem
    35: 0802ccdc     0 NOTYPE  LOCAL  DEFAULT  ABS StaffHitRate
    36: 080197e4     0 NOTYPE  LOCAL  DEFAULT  ABS FillMap
    37: 0801aabc     0 NOTYPE  LOCAL  DEFAULT  ABS AddRange
    38: 08024eac     0 NOTYPE  LOCAL  DEFAULT  ABS CheckUnitsInRange
    39: 08024f18     0 NOTYPE  LOCAL  DEFAULT  ABS CheckTilesInRange
    40: 08024f70     0 NOTYPE  LOCAL  DEFAULT  ABS CheckAdjacentUnits
    41: 0804f8a4     0 NOTYPE  LOCAL  DEFAULT  ABS RefreshTargetList
    42: 0804f8bc     0 NOTYPE  LOCAL  DEFAULT  ABS AddTargetListEntry
    43: 0804fd28     0 NOTYPE  LOCAL  DEFAULT  ABS GetTargetListSize
    44: 0804fd34     0 NOTYPE  LOCAL  DEFAULT  ABS GetTargetListEntry
    45: 0804fa3c     0 NOTYPE  LOCAL  DEFAULT  ABS NewTargetSelection
    46: 0804faa4     0 NOTYPE  LOCAL  DEFAULT  ABS NewTargetSelectv2
    47: 08002c7c     0 NOTYPE  LOCAL  DEFAULT  ABS New6C
    48: 08002ce0     0 NOTYPE  LOCAL  DEFAULT  ABS New6CBlocking
    49: 08002d6c     0 NOTYPE  LOCAL  DEFAULT  ABS End6C
    50: 08002e94     0 NOTYPE  LOCAL  DEFAULT  ABS Break6CLoop
    51: 08002e9c     0 NOTYPE  LOCAL  DEFAULT  ABS Find6C
    52: 08002f24     0 NOTYPE  LOCAL  DEFAULT  ABS Goto6CLabel
    53: 08002f5c     0 NOTYPE  LOCAL  DEFAULT  ABS Goto6CPointer
    54: 08002f98     0 NOTYPE  LOCAL  DEFAULT  ABS ForEach6C
    55: 08002fec     0 NOTYPE  LOCAL  DEFAULT  ABS BlockEach6CMarked
    56: 08003014     0 NOTYPE  LOCAL  DEFAULT  ABS UnblockEach6CMarked
    57: 08003040     0 NOTYPE  LOCAL  DEFAULT  ABS DeleteEach6CMarked
    58: 08003078     0 NOTYPE  LOCAL  DEFAULT  ABS DeleteEach6C
    59: 08003094     0 NOTYPE  LOCAL  DEFAULT  ABS BreakEach6CLoop
    60: 08015360     0 NOTYPE  LOCAL  DEFAULT  ABS LockGameLogic
    61: 08015370     0 NOTYPE  LOCAL  DEFAULT  ABS UnlockGameLogic
    62: 0800a240     0 NOTYPE  LOCAL  DEFAULT  ABS GetTextBuffer
    63: 08035708     0 NOTYPE  LOCAL  DEFAULT  ABS SetBottomHelpText
    64: 0802e1f0     0 NOTYPE  LOCAL  DEFAULT  ABS FindTrapAt
    65: 0802e24c     0 NOTYPE  LOCAL  DEFAULT  ABS FindTrapTypeAt
    66: 0802e2b8     0 NOTYPE  LOCAL  DEFAULT  ABS CreateTrap
    67: 0802ea58     0 NOTYPE  LOCAL  DEFAULT  ABS CreateLightRune
    68: 08037a04     0 NOTYPE  LOCAL  DEFAULT  ABS CreateBallista
    69: 0803798c     0 NOTYPE  LOCAL  DEFAULT  ABS FindBallistaAt
    70: 080d01fc     0 NOTYPE  LOCAL  DEFAULT  ABS PlaySoundEffect
    71: 0802951c     0 NOTYPE  LOCAL  DEFAULT  ABS ConfirmStaffUse
    72: 00000078     0 NOTYPE  LOCAL  DEFAULT    1 AllegianceCheck
    73: 00000078     0 NOTYPE  LOCAL  DEFAULT    1 OffsetList
    74: 0000007c     0 NOTYPE  LOCAL  DEFAULT    1 StealableItemCheck
    75: 00000000     0 NOTYPE  LOCAL  DEFAULT    1 $t
    76: 00000012     0 NOTYPE  LOCAL  DEFAULT    1 $d
    77: 00000014     0 NOTYPE  LOCAL  DEFAULT    1 $t
    78: 00000060     0 NOTYPE  LOCAL  DEFAULT    1 End
    79: 0000001e     0 NOTYPE  LOCAL  DEFAULT    1 $d
    80: 00000020     0 NOTYPE  LOCAL  DEFAULT    1 $t
    81: 00000028     0 NOTYPE  LOCAL  DEFAULT    1 $d
    82: 0000002a     0 NOTYPE  LOCAL  DEFAULT    1 $t
    83: 00000036     0 NOTYPE  LOCAL  DEFAULT    1 ItemCheckLoop
    84: 00000042     0 NOTYPE  LOCAL  DEFAULT    1 $d
    85: 00000044     0 NOTYPE  LOCAL  DEFAULT    1 $t
    86: 00000058     0 NOTYPE  LOCAL  DEFAULT    1 ReLoop
    87: 00000054     0 NOTYPE  LOCAL  DEFAULT    1 $d
    88: 00000056     0 NOTYPE  LOCAL  DEFAULT    1 $t
    89: 00000068     0 NOTYPE  LOCAL  DEFAULT    1 $d
    90: 00000000     0 SECTION LOCAL  DEFAULT    6 
    91: 0000000c     0 NOTYPE  LOCAL  DEFAULT    9 $d
    92: 00000000     0 SECTION LOCAL  DEFAULT    8 
    93: 00000000     0 SECTION LOCAL  DEFAULT    4 
    94: 00000000     0 SECTION LOCAL  DEFAULT    9 
    95: 00000000     0 SECTION LOCAL  DEFAULT   11 
