
Symbol table '.symtab' contains 59 entries:
   Num:    Value  Size Type    Bind   Vis      Ndx Name
     0: 00000000     0 NOTYPE  LOCAL  DEFAULT  UND 
     1: 00000000     0 SECTION LOCAL  DEFAULT    1 
     2: 00000000     0 SECTION LOCAL  DEFAULT    2 
     3: 00000000     0 SECTION LOCAL  DEFAULT    3 
     4: 00000009     0 NOTYPE  LOCAL  DEFAULT  ABS HexRodStatus
     5: 00000000     0 NOTYPE  LOCAL  DEFAULT  ABS MinHitRate
     6: 0202e4d4     0 NOTYPE  LOCAL  DEFAULT  ABS MapSize
     7: 0202e4e0     0 NOTYPE  LOCAL  DEFAULT  ABS MoveCostMapRows
     8: 0202e4e4     0 NOTYPE  LOCAL  DEFAULT  ABS RangeMap
     9: 0203a958     0 NOTYPE  LOCAL  DEFAULT  ABS ActionStruct
    10: 0203aa94     0 NOTYPE  LOCAL  DEFAULT  ABS AIActionStruct
    11: 03004e50     0 NOTYPE  LOCAL  DEFAULT  ABS ActiveUnit
    12: 0203aa04     0 NOTYPE  LOCAL  DEFAULT  ABS turnList
    13: 08019430     0 NOTYPE  LOCAL  DEFAULT  ABS RamUnitByID
    14: 08016b28     0 NOTYPE  LOCAL  DEFAULT  ABS Unit_GetEquippedWeapon
    15: 080189b8     0 NOTYPE  LOCAL  DEFAULT  ABS Unit_GetAid
    16: 08018a1c     0 NOTYPE  LOCAL  DEFAULT  ABS Unit_GetHalfMag
    17: 08019150     0 NOTYPE  LOCAL  DEFAULT  ABS Unit_GetCurHP
    18: 08019190     0 NOTYPE  LOCAL  DEFAULT  ABS Unit_GetMaxHP
    19: 080191b0     0 NOTYPE  LOCAL  DEFAULT  ABS Unit_GetStr
    20: 080191b0     0 NOTYPE  LOCAL  DEFAULT  ABS Unit_GetMag
    21: 080191d0     0 NOTYPE  LOCAL  DEFAULT  ABS Unit_GetSkl
    22: 08019210     0 NOTYPE  LOCAL  DEFAULT  ABS Unit_GetSpd
    23: 08019250     0 NOTYPE  LOCAL  DEFAULT  ABS Unit_GetDef
    24: 08019270     0 NOTYPE  LOCAL  DEFAULT  ABS Unit_GetRes
    25: 08019298     0 NOTYPE  LOCAL  DEFAULT  ABS Unit_GetLuck
    26: 0801949c     0 NOTYPE  LOCAL  DEFAULT  ABS Unit_CanCrossTerrain
    27: 0803c818     0 NOTYPE  LOCAL  DEFAULT  ABS AIAllegianceCheck
    28: 0802e1f0     0 NOTYPE  LOCAL  DEFAULT  ABS FindTrapAt
    29: 0802e24c     0 NOTYPE  LOCAL  DEFAULT  ABS FindTrapType
    30: 080197e4     0 NOTYPE  LOCAL  DEFAULT  ABS FillMap
    31: 0801aabc     0 NOTYPE  LOCAL  DEFAULT  ABS AddRange
    32: 0801b950     0 NOTYPE  LOCAL  DEFAULT  ABS MagicSealCheck
    33: 0803c490     0 NOTYPE  LOCAL  DEFAULT  ABS MovBuild
    34: 0803bfd0     0 NOTYPE  LOCAL  DEFAULT  ABS IsTileReachable
    35: 0803c284     0 NOTYPE  LOCAL  DEFAULT  ABS FindNewSpot
    36: 08039c20     0 NOTYPE  LOCAL  DEFAULT  ABS ActionWrite
    37: 0802ccdc     0 NOTYPE  LOCAL  DEFAULT  ABS StaffHitRate
    38: 00000000     0 NOTYPE  LOCAL  DEFAULT    1 $t
    39: 0000000e     0 NOTYPE  LOCAL  DEFAULT    1 $d
    40: 00000010     0 NOTYPE  LOCAL  DEFAULT    1 $t
    41: 00000058     0 NOTYPE  LOCAL  DEFAULT    1 CantUse
    42: 0000001c     0 NOTYPE  LOCAL  DEFAULT    1 $d
    43: 0000001e     0 NOTYPE  LOCAL  DEFAULT    1 $t
    44: 00000054     0 NOTYPE  LOCAL  DEFAULT    1 Usable
    45: 0000003c     0 NOTYPE  LOCAL  DEFAULT    1 $d
    46: 0000003e     0 NOTYPE  LOCAL  DEFAULT    1 $t
    47: 00000042     0 NOTYPE  LOCAL  DEFAULT    1 $d
    48: 00000044     0 NOTYPE  LOCAL  DEFAULT    1 $t
    49: 0000004c     0 NOTYPE  LOCAL  DEFAULT    1 $d
    50: 0000004e     0 NOTYPE  LOCAL  DEFAULT    1 $t
    51: 0000005a     0 NOTYPE  LOCAL  DEFAULT    1 End
    52: 00000060     0 NOTYPE  LOCAL  DEFAULT    1 $d
    53: 00000000     0 SECTION LOCAL  DEFAULT    6 
    54: 0000000c     0 NOTYPE  LOCAL  DEFAULT    9 $d
    55: 00000000     0 SECTION LOCAL  DEFAULT    8 
    56: 00000000     0 SECTION LOCAL  DEFAULT    4 
    57: 00000000     0 SECTION LOCAL  DEFAULT    9 
    58: 00000000     0 SECTION LOCAL  DEFAULT   11 
