
Symbol table '.symtab' contains 24 entries:
   Num:    Value  Size Type    Bind   Vis      Ndx Name
     0: 00000000     0 NOTYPE  LOCAL  DEFAULT  UND 
     1: 00000000     0 SECTION LOCAL  DEFAULT    1 
     2: 00000000     0 SECTION LOCAL  DEFAULT    2 
     3: 00000000     0 SECTION LOCAL  DEFAULT    3 
     4: 0202e4e4     0 NOTYPE  LOCAL  DEFAULT  ABS RangeMap
     5: 0202e4dc     0 NOTYPE  LOCAL  DEFAULT  ABS TerrainMap
     6: 0202e4d8     0 NOTYPE  LOCAL  DEFAULT  ABS UnitMap
     7: 0802e24c     0 NOTYPE  LOCAL  DEFAULT  ABS FindTrapTypeAt
     8: 00000050     0 NOTYPE  LOCAL  DEFAULT    1 TerrainList
     9: 00000050     0 NOTYPE  LOCAL  DEFAULT    1 OffsetList
    10: 00000000     0 NOTYPE  LOCAL  DEFAULT    1 $t
    11: 00000014     0 NOTYPE  LOCAL  DEFAULT    1 $d
    12: 00000016     0 NOTYPE  LOCAL  DEFAULT    1 $t
    13: 00000040     0 NOTYPE  LOCAL  DEFAULT    1 UnSelectable
    14: 0000002a     0 NOTYPE  LOCAL  DEFAULT    1 TLoop
    15: 00000038     0 NOTYPE  LOCAL  DEFAULT    1 TReLoop
    16: 00000042     0 NOTYPE  LOCAL  DEFAULT    1 End
    17: 00000048     0 NOTYPE  LOCAL  DEFAULT    1 $d
    18: 00000000     0 SECTION LOCAL  DEFAULT    6 
    19: 0000000c     0 NOTYPE  LOCAL  DEFAULT    9 $d
    20: 00000000     0 SECTION LOCAL  DEFAULT    8 
    21: 00000000     0 SECTION LOCAL  DEFAULT    4 
    22: 00000000     0 SECTION LOCAL  DEFAULT    9 
    23: 00000000     0 SECTION LOCAL  DEFAULT   11 
